2024-02-09 23:28:06,435 [Worker-8: Loading available Gradle versions] INFO  o.e.b.c.i.u.g.PublishedGradleVersions - Gradle version information cache is up-to-date. Trying to read.
2024-02-09 23:30:31,169 [Worker-10: Import Getting Started Content] INFO  o.e.m.c.i.l.LifecycleMappingFactory - Using org.maven.ide.eclipse.wtp.WarLifecycleMapping lifecycle mapping for MavenProject: com.rahul:order-service:0.0.1-SNAPSHOT @ D:\Java WorkSpace\spring-kafak\Event Driven Kafka project\order-service\pom.xml.
2024-02-09 23:30:32,911 [Worker-10: Import Getting Started Content] INFO  o.e.m.j.i.AbstractJavaProjectConfigurator - Adding source folder /order-service/src/main/java
2024-02-09 23:30:32,912 [Worker-10: Import Getting Started Content] INFO  o.e.m.j.i.AbstractJavaProjectConfigurator - Adding resource folder /order-service/src/main/resources
2024-02-09 23:30:32,915 [Worker-10: Import Getting Started Content] INFO  o.e.m.j.i.AbstractJavaProjectConfigurator - Adding resource folder /order-service/src/main/resources
2024-02-09 23:30:32,918 [Worker-10: Import Getting Started Content] INFO  o.e.m.j.i.AbstractJavaProjectConfigurator - Adding source folder /order-service/src/test/java
2024-02-09 23:30:35,971 [Worker-10: Import Getting Started Content] INFO  o.e.m.c.i.p.ProjectConfigurationManager - Imported and configured 1 project(s) in 6 sec
2024-02-09 23:30:35,976 [Worker-10: Import Getting Started Content] INFO  o.e.m.c.i.p.ProjectConfigurationManager - Update started
2024-02-09 23:30:36,358 [Worker-10: Import Getting Started Content] INFO  o.e.m.c.i.l.LifecycleMappingFactory - Using org.maven.ide.eclipse.wtp.WarLifecycleMapping lifecycle mapping for MavenProject: com.rahul:order-service:0.0.1-SNAPSHOT @ D:\Java WorkSpace\spring-kafak\Event Driven Kafka project\order-service\pom.xml.
2024-02-09 23:30:37,271 [Worker-10: Import Getting Started Content] INFO  o.e.m.j.i.AbstractJavaProjectConfigurator - Adding source folder /order-service/src/main/java
2024-02-09 23:30:37,271 [Worker-10: Import Getting Started Content] INFO  o.e.m.j.i.AbstractJavaProjectConfigurator - Adding resource folder /order-service/src/main/resources
2024-02-09 23:30:37,272 [Worker-10: Import Getting Started Content] INFO  o.e.m.j.i.AbstractJavaProjectConfigurator - Adding resource folder /order-service/src/main/resources
2024-02-09 23:30:37,272 [Worker-10: Import Getting Started Content] INFO  o.e.m.j.i.AbstractJavaProjectConfigurator - Adding source folder /order-service/src/test/java
2024-02-09 23:30:38,169 [Worker-10: Import Getting Started Content] INFO  o.e.m.w.i.f.ResourceFilteringBuildParticipant - Cleaning filtered folder for order-service
2024-02-09 23:30:38,171 [Worker-10: Import Getting Started Content] INFO  o.e.m.c.i.p.ProjectConfigurationManager - Update completed: 2 sec
2024-02-09 23:30:39,146 [Worker-9: Building] INFO  o.a.m.s.f.DefaultMavenResourcesFiltering - Copying 1 resource from src\main\resources to target\classes
2024-02-09 23:30:39,161 [Worker-9: Building] INFO  o.a.m.s.f.DefaultMavenResourcesFiltering - Copying 0 resource from src\main\resources to target\classes
2024-02-09 23:30:39,165 [Worker-9: Building] INFO  o.a.m.s.f.DefaultMavenResourcesFiltering - skip non existing resourceDirectory D:\Java WorkSpace\spring-kafak\Event Driven Kafka project\order-service\src\test\resources
2024-02-09 23:30:39,166 [Worker-9: Building] INFO  o.e.m.w.i.f.ResourceFilteringBuildParticipant - Changed resources require a complete clean of filtered resources of order-service
2024-02-09 23:30:39,166 [Worker-9: Building] INFO  o.e.m.w.i.f.ResourceFilteringBuildParticipant - Executing resource filtering for order-service
2024-02-09 23:31:22,840 [Worker-4: Import Getting Started Content] INFO  o.e.m.c.i.l.LifecycleMappingFactory - Using org.maven.ide.eclipse.wtp.WarLifecycleMapping lifecycle mapping for MavenProject: com.rahul:stock-service:0.0.1-SNAPSHOT @ D:\Java WorkSpace\spring-kafak\Event Driven Kafka project\stock-service\pom.xml.
2024-02-09 23:31:23,229 [Worker-4: Import Getting Started Content] INFO  o.e.m.j.i.AbstractJavaProjectConfigurator - Adding source folder /stock-service/src/main/java
2024-02-09 23:31:23,230 [Worker-4: Import Getting Started Content] INFO  o.e.m.j.i.AbstractJavaProjectConfigurator - Adding resource folder /stock-service/src/main/resources
2024-02-09 23:31:23,232 [Worker-4: Import Getting Started Content] INFO  o.e.m.j.i.AbstractJavaProjectConfigurator - Adding resource folder /stock-service/src/main/resources
2024-02-09 23:31:23,234 [Worker-4: Import Getting Started Content] INFO  o.e.m.j.i.AbstractJavaProjectConfigurator - Adding source folder /stock-service/src/test/java
2024-02-09 23:31:24,077 [Worker-4: Import Getting Started Content] INFO  o.e.m.c.i.p.ProjectConfigurationManager - Imported and configured 1 project(s) in 1 sec
2024-02-09 23:31:24,078 [Worker-4: Import Getting Started Content] INFO  o.e.m.c.i.p.ProjectConfigurationManager - Update started
2024-02-09 23:31:24,269 [Worker-4: Import Getting Started Content] INFO  o.e.m.c.i.l.LifecycleMappingFactory - Using org.maven.ide.eclipse.wtp.WarLifecycleMapping lifecycle mapping for MavenProject: com.rahul:stock-service:0.0.1-SNAPSHOT @ D:\Java WorkSpace\spring-kafak\Event Driven Kafka project\stock-service\pom.xml.
2024-02-09 23:31:24,682 [Worker-4: Import Getting Started Content] INFO  o.e.m.j.i.AbstractJavaProjectConfigurator - Adding source folder /stock-service/src/main/java
2024-02-09 23:31:24,682 [Worker-4: Import Getting Started Content] INFO  o.e.m.j.i.AbstractJavaProjectConfigurator - Adding resource folder /stock-service/src/main/resources
2024-02-09 23:31:24,682 [Worker-4: Import Getting Started Content] INFO  o.e.m.j.i.AbstractJavaProjectConfigurator - Adding resource folder /stock-service/src/main/resources
2024-02-09 23:31:24,682 [Worker-4: Import Getting Started Content] INFO  o.e.m.j.i.AbstractJavaProjectConfigurator - Adding source folder /stock-service/src/test/java
2024-02-09 23:31:25,126 [Worker-4: Import Getting Started Content] INFO  o.e.m.w.i.f.ResourceFilteringBuildParticipant - Cleaning filtered folder for stock-service
2024-02-09 23:31:25,128 [Worker-4: Import Getting Started Content] INFO  o.e.m.c.i.p.ProjectConfigurationManager - Update completed: 1 sec
2024-02-09 23:31:25,662 [Worker-7: Building] INFO  o.a.m.s.f.DefaultMavenResourcesFiltering - Copying 1 resource from src\main\resources to target\classes
2024-02-09 23:31:25,662 [Worker-7: Building] INFO  o.a.m.s.f.DefaultMavenResourcesFiltering - Copying 0 resource from src\main\resources to target\classes
2024-02-09 23:31:25,665 [Worker-7: Building] INFO  o.a.m.s.f.DefaultMavenResourcesFiltering - skip non existing resourceDirectory D:\Java WorkSpace\spring-kafak\Event Driven Kafka project\stock-service\src\test\resources
2024-02-09 23:31:25,666 [Worker-7: Building] INFO  o.e.m.w.i.f.ResourceFilteringBuildParticipant - Changed resources require a complete clean of filtered resources of stock-service
2024-02-09 23:31:25,666 [Worker-7: Building] INFO  o.e.m.w.i.f.ResourceFilteringBuildParticipant - Executing resource filtering for stock-service
2024-02-09 23:32:09,903 [Worker-9: Import Getting Started Content] INFO  o.e.m.c.i.l.LifecycleMappingFactory - Using org.maven.ide.eclipse.wtp.WarLifecycleMapping lifecycle mapping for MavenProject: com.rahul:email-service:0.0.1-SNAPSHOT @ D:\Java WorkSpace\spring-kafak\Event Driven Kafka project\email-service\pom.xml.
2024-02-09 23:32:10,246 [Worker-9: Import Getting Started Content] INFO  o.e.m.j.i.AbstractJavaProjectConfigurator - Adding source folder /email-service/src/main/java
2024-02-09 23:32:10,246 [Worker-9: Import Getting Started Content] INFO  o.e.m.j.i.AbstractJavaProjectConfigurator - Adding resource folder /email-service/src/main/resources
2024-02-09 23:32:10,248 [Worker-9: Import Getting Started Content] INFO  o.e.m.j.i.AbstractJavaProjectConfigurator - Adding resource folder /email-service/src/main/resources
2024-02-09 23:32:10,251 [Worker-9: Import Getting Started Content] INFO  o.e.m.j.i.AbstractJavaProjectConfigurator - Adding source folder /email-service/src/test/java
2024-02-09 23:32:10,959 [Worker-9: Import Getting Started Content] INFO  o.e.m.c.i.p.ProjectConfigurationManager - Imported and configured 1 project(s) in 1 sec
2024-02-09 23:32:10,961 [Worker-9: Import Getting Started Content] INFO  o.e.m.c.i.p.ProjectConfigurationManager - Update started
2024-02-09 23:32:11,105 [Worker-9: Import Getting Started Content] INFO  o.e.m.c.i.l.LifecycleMappingFactory - Using org.maven.ide.eclipse.wtp.WarLifecycleMapping lifecycle mapping for MavenProject: com.rahul:email-service:0.0.1-SNAPSHOT @ D:\Java WorkSpace\spring-kafak\Event Driven Kafka project\email-service\pom.xml.
2024-02-09 23:32:11,536 [Worker-9: Import Getting Started Content] INFO  o.e.m.j.i.AbstractJavaProjectConfigurator - Adding source folder /email-service/src/main/java
2024-02-09 23:32:11,536 [Worker-9: Import Getting Started Content] INFO  o.e.m.j.i.AbstractJavaProjectConfigurator - Adding resource folder /email-service/src/main/resources
2024-02-09 23:32:11,536 [Worker-9: Import Getting Started Content] INFO  o.e.m.j.i.AbstractJavaProjectConfigurator - Adding resource folder /email-service/src/main/resources
2024-02-09 23:32:11,537 [Worker-9: Import Getting Started Content] INFO  o.e.m.j.i.AbstractJavaProjectConfigurator - Adding source folder /email-service/src/test/java
2024-02-09 23:32:11,993 [Worker-9: Import Getting Started Content] INFO  o.e.m.w.i.f.ResourceFilteringBuildParticipant - Cleaning filtered folder for email-service
2024-02-09 23:32:11,996 [Worker-9: Import Getting Started Content] INFO  o.e.m.c.i.p.ProjectConfigurationManager - Update completed: 1 sec
2024-02-09 23:32:12,517 [Worker-7: Building] INFO  o.a.m.s.f.DefaultMavenResourcesFiltering - Copying 1 resource from src\main\resources to target\classes
2024-02-09 23:32:12,518 [Worker-7: Building] INFO  o.a.m.s.f.DefaultMavenResourcesFiltering - Copying 0 resource from src\main\resources to target\classes
2024-02-09 23:32:12,520 [Worker-7: Building] INFO  o.a.m.s.f.DefaultMavenResourcesFiltering - skip non existing resourceDirectory D:\Java WorkSpace\spring-kafak\Event Driven Kafka project\email-service\src\test\resources
2024-02-09 23:32:12,520 [Worker-7: Building] INFO  o.e.m.w.i.f.ResourceFilteringBuildParticipant - Changed resources require a complete clean of filtered resources of email-service
2024-02-09 23:32:12,521 [Worker-7: Building] INFO  o.e.m.w.i.f.ResourceFilteringBuildParticipant - Executing resource filtering for email-service
2024-02-09 23:33:11,391 [Worker-6: Import Getting Started Content] INFO  o.e.m.c.i.l.LifecycleMappingFactory - Using org.maven.ide.eclipse.wtp.WarLifecycleMapping lifecycle mapping for MavenProject: com.rahul:base-domain:0.0.1-SNAPSHOT @ D:\Java WorkSpace\spring-kafak\Event Driven Kafka project\base-domain\pom.xml.
2024-02-09 23:33:11,619 [Worker-6: Import Getting Started Content] INFO  o.e.m.j.i.AbstractJavaProjectConfigurator - Adding source folder /base-domain/src/main/java
2024-02-09 23:33:11,619 [Worker-6: Import Getting Started Content] INFO  o.e.m.j.i.AbstractJavaProjectConfigurator - Adding resource folder /base-domain/src/main/resources
2024-02-09 23:33:11,620 [Worker-6: Import Getting Started Content] INFO  o.e.m.j.i.AbstractJavaProjectConfigurator - Adding resource folder /base-domain/src/main/resources
2024-02-09 23:33:11,623 [Worker-6: Import Getting Started Content] INFO  o.e.m.j.i.AbstractJavaProjectConfigurator - Adding source folder /base-domain/src/test/java
2024-02-09 23:33:12,206 [Worker-6: Import Getting Started Content] INFO  o.e.m.c.i.p.ProjectConfigurationManager - Imported and configured 1 project(s) in 1 sec
2024-02-09 23:33:12,208 [Worker-6: Import Getting Started Content] INFO  o.e.m.c.i.p.ProjectConfigurationManager - Update started
2024-02-09 23:33:12,370 [Worker-6: Import Getting Started Content] INFO  o.e.m.c.i.l.LifecycleMappingFactory - Using org.maven.ide.eclipse.wtp.WarLifecycleMapping lifecycle mapping for MavenProject: com.rahul:base-domain:0.0.1-SNAPSHOT @ D:\Java WorkSpace\spring-kafak\Event Driven Kafka project\base-domain\pom.xml.
2024-02-09 23:33:12,626 [Worker-6: Import Getting Started Content] INFO  o.e.m.j.i.AbstractJavaProjectConfigurator - Adding source folder /base-domain/src/main/java
2024-02-09 23:33:12,626 [Worker-6: Import Getting Started Content] INFO  o.e.m.j.i.AbstractJavaProjectConfigurator - Adding resource folder /base-domain/src/main/resources
2024-02-09 23:33:12,626 [Worker-6: Import Getting Started Content] INFO  o.e.m.j.i.AbstractJavaProjectConfigurator - Adding resource folder /base-domain/src/main/resources
2024-02-09 23:33:12,626 [Worker-6: Import Getting Started Content] INFO  o.e.m.j.i.AbstractJavaProjectConfigurator - Adding source folder /base-domain/src/test/java
2024-02-09 23:33:13,108 [Worker-6: Import Getting Started Content] INFO  o.e.m.w.i.f.ResourceFilteringBuildParticipant - Cleaning filtered folder for base-domain
2024-02-09 23:33:13,111 [Worker-6: Import Getting Started Content] INFO  o.e.m.c.i.p.ProjectConfigurationManager - Update completed: 0 sec
2024-02-09 23:33:13,683 [Worker-7: Building] INFO  o.a.m.s.f.DefaultMavenResourcesFiltering - Copying 1 resource from src\main\resources to target\classes
2024-02-09 23:33:13,685 [Worker-7: Building] INFO  o.a.m.s.f.DefaultMavenResourcesFiltering - Copying 0 resource from src\main\resources to target\classes
2024-02-09 23:33:13,687 [Worker-7: Building] INFO  o.a.m.s.f.DefaultMavenResourcesFiltering - skip non existing resourceDirectory D:\Java WorkSpace\spring-kafak\Event Driven Kafka project\base-domain\src\test\resources
2024-02-09 23:33:13,687 [Worker-7: Building] INFO  o.e.m.w.i.f.ResourceFilteringBuildParticipant - Changed resources require a complete clean of filtered resources of base-domain
2024-02-09 23:33:13,687 [Worker-7: Building] INFO  o.e.m.w.i.f.ResourceFilteringBuildParticipant - Executing resource filtering for base-domain
2024-02-09 23:37:34,773 [Worker-2: Building] INFO  o.a.m.s.f.DefaultMavenResourcesFiltering - Copying 1 resource from src\main\resources to target\classes
2024-02-09 23:37:34,784 [Worker-2: Building] INFO  o.a.m.s.f.DefaultMavenResourcesFiltering - Copying 0 resource from src\main\resources to target\classes
2024-02-09 23:37:34,786 [Worker-2: Building] INFO  o.a.m.s.f.DefaultMavenResourcesFiltering - skip non existing resourceDirectory D:\Java WorkSpace\spring-kafak\Event Driven Kafka project\email-service\src\test\resources
2024-02-09 23:37:52,547 [Worker-14: Building] INFO  o.a.m.s.f.DefaultMavenResourcesFiltering - Copying 1 resource from src\main\resources to target\classes
2024-02-09 23:37:52,576 [Worker-14: Building] INFO  o.a.m.s.f.DefaultMavenResourcesFiltering - Copying 0 resource from src\main\resources to target\classes
2024-02-09 23:37:52,582 [Worker-14: Building] INFO  o.a.m.s.f.DefaultMavenResourcesFiltering - skip non existing resourceDirectory D:\Java WorkSpace\spring-kafak\Event Driven Kafka project\stock-service\src\test\resources
2024-02-09 23:38:06,836 [Worker-12: Building] INFO  o.a.m.s.f.DefaultMavenResourcesFiltering - Copying 1 resource from src\main\resources to target\classes
2024-02-09 23:38:06,846 [Worker-12: Building] INFO  o.a.m.s.f.DefaultMavenResourcesFiltering - Copying 0 resource from src\main\resources to target\classes
2024-02-09 23:38:06,851 [Worker-12: Building] INFO  o.a.m.s.f.DefaultMavenResourcesFiltering - skip non existing resourceDirectory D:\Java WorkSpace\spring-kafak\Event Driven Kafka project\base-domain\src\test\resources
2024-02-09 23:39:59,168 [Worker-3: Building] INFO  o.a.m.s.f.DefaultMavenResourcesFiltering - Copying 1 resource from src\main\resources to target\classes
2024-02-09 23:39:59,173 [Worker-3: Building] INFO  o.a.m.s.f.DefaultMavenResourcesFiltering - Copying 0 resource from src\main\resources to target\classes
2024-02-09 23:39:59,174 [Worker-3: Building] INFO  o.a.m.s.f.DefaultMavenResourcesFiltering - skip non existing resourceDirectory D:\Java WorkSpace\spring-kafak\Event Driven Kafka project\base-domain\src\test\resources
2024-02-09 23:41:24,176 [Worker-2: Building] INFO  o.a.m.s.f.DefaultMavenResourcesFiltering - Copying 1 resource from src\main\resources to target\classes
2024-02-09 23:41:24,180 [Worker-2: Building] INFO  o.a.m.s.f.DefaultMavenResourcesFiltering - Copying 0 resource from src\main\resources to target\classes
2024-02-09 23:41:24,182 [Worker-2: Building] INFO  o.a.m.s.f.DefaultMavenResourcesFiltering - skip non existing resourceDirectory D:\Java WorkSpace\spring-kafak\Event Driven Kafka project\base-domain\src\test\resources
2024-02-09 23:41:48,431 [Worker-16: Building] INFO  o.a.m.s.f.DefaultMavenResourcesFiltering - Copying 1 resource from src\main\resources to target\classes
2024-02-09 23:41:48,439 [Worker-16: Building] INFO  o.a.m.s.f.DefaultMavenResourcesFiltering - Copying 0 resource from src\main\resources to target\classes
2024-02-09 23:41:48,442 [Worker-16: Building] INFO  o.a.m.s.f.DefaultMavenResourcesFiltering - skip non existing resourceDirectory D:\Java WorkSpace\spring-kafak\Event Driven Kafka project\base-domain\src\test\resources
2024-02-09 23:42:35,195 [Worker-16: Building] INFO  o.a.m.s.f.DefaultMavenResourcesFiltering - Copying 1 resource from src\main\resources to target\classes
2024-02-09 23:42:35,203 [Worker-16: Building] INFO  o.a.m.s.f.DefaultMavenResourcesFiltering - Copying 0 resource from src\main\resources to target\classes
2024-02-09 23:42:35,206 [Worker-16: Building] INFO  o.a.m.s.f.DefaultMavenResourcesFiltering - skip non existing resourceDirectory D:\Java WorkSpace\spring-kafak\Event Driven Kafka project\base-domain\src\test\resources
2024-02-09 23:43:06,839 [Worker-16: Building] INFO  o.a.m.s.f.DefaultMavenResourcesFiltering - Copying 1 resource from src\main\resources to target\classes
2024-02-09 23:43:06,843 [Worker-16: Building] INFO  o.a.m.s.f.DefaultMavenResourcesFiltering - Copying 0 resource from src\main\resources to target\classes
2024-02-09 23:43:06,845 [Worker-16: Building] INFO  o.a.m.s.f.DefaultMavenResourcesFiltering - skip non existing resourceDirectory D:\Java WorkSpace\spring-kafak\Event Driven Kafka project\base-domain\src\test\resources
2024-02-09 23:43:56,790 [Worker-3: Building] INFO  o.a.m.s.f.DefaultMavenResourcesFiltering - Copying 1 resource from src\main\resources to target\classes
2024-02-09 23:43:56,794 [Worker-3: Building] INFO  o.a.m.s.f.DefaultMavenResourcesFiltering - Copying 0 resource from src\main\resources to target\classes
2024-02-09 23:43:56,796 [Worker-3: Building] INFO  o.a.m.s.f.DefaultMavenResourcesFiltering - skip non existing resourceDirectory D:\Java WorkSpace\spring-kafak\Event Driven Kafka project\order-service\src\test\resources
2024-02-09 23:44:30,308 [Worker-15: Building] INFO  o.a.m.s.f.DefaultMavenResourcesFiltering - Copying 1 resource from src\main\resources to target\classes
2024-02-09 23:44:30,319 [Worker-15: Building] INFO  o.a.m.s.f.DefaultMavenResourcesFiltering - Copying 0 resource from src\main\resources to target\classes
2024-02-09 23:44:30,322 [Worker-15: Building] INFO  o.a.m.s.f.DefaultMavenResourcesFiltering - skip non existing resourceDirectory D:\Java WorkSpace\spring-kafak\Event Driven Kafka project\order-service\src\test\resources
2024-02-09 23:46:19,954 [Worker-16: Building] INFO  o.a.m.s.f.DefaultMavenResourcesFiltering - Copying 1 resource from src\main\resources to target\classes
2024-02-09 23:46:19,959 [Worker-16: Building] INFO  o.a.m.s.f.DefaultMavenResourcesFiltering - Copying 0 resource from src\main\resources to target\classes
2024-02-09 23:46:19,960 [Worker-16: Building] INFO  o.a.m.s.f.DefaultMavenResourcesFiltering - skip non existing resourceDirectory D:\Java WorkSpace\spring-kafak\Event Driven Kafka project\order-service\src\test\resources
2024-02-09 23:47:33,840 [Worker-16: Building] INFO  o.a.m.s.f.DefaultMavenResourcesFiltering - Copying 1 resource from src\main\resources to target\classes
2024-02-09 23:47:33,844 [Worker-16: Building] INFO  o.a.m.s.f.DefaultMavenResourcesFiltering - Copying 0 resource from src\main\resources to target\classes
2024-02-09 23:47:33,848 [Worker-16: Building] INFO  o.a.m.s.f.DefaultMavenResourcesFiltering - skip non existing resourceDirectory D:\Java WorkSpace\spring-kafak\Event Driven Kafka project\order-service\src\test\resources
2024-02-09 23:48:11,913 [Worker-16: Building] INFO  o.a.m.s.f.DefaultMavenResourcesFiltering - Copying 1 resource from src\main\resources to target\classes
2024-02-09 23:48:11,920 [Worker-16: Building] INFO  o.a.m.s.f.DefaultMavenResourcesFiltering - Copying 0 resource from src\main\resources to target\classes
2024-02-09 23:48:11,923 [Worker-16: Building] INFO  o.a.m.s.f.DefaultMavenResourcesFiltering - skip non existing resourceDirectory D:\Java WorkSpace\spring-kafak\Event Driven Kafka project\order-service\src\test\resources
2024-02-09 23:48:58,056 [Worker-20: Building] INFO  o.a.m.s.f.DefaultMavenResourcesFiltering - Copying 1 resource from src\main\resources to target\classes
2024-02-09 23:48:58,062 [Worker-20: Building] INFO  o.a.m.s.f.DefaultMavenResourcesFiltering - Copying 0 resource from src\main\resources to target\classes
2024-02-09 23:48:58,063 [Worker-20: Building] INFO  o.a.m.s.f.DefaultMavenResourcesFiltering - skip non existing resourceDirectory D:\Java WorkSpace\spring-kafak\Event Driven Kafka project\order-service\src\test\resources
2024-02-09 23:49:02,560 [Worker-20: Building] INFO  o.a.m.s.f.DefaultMavenResourcesFiltering - Copying 1 resource from src\main\resources to target\classes
2024-02-09 23:49:02,568 [Worker-20: Building] INFO  o.a.m.s.f.DefaultMavenResourcesFiltering - Copying 0 resource from src\main\resources to target\classes
2024-02-09 23:49:02,571 [Worker-20: Building] INFO  o.a.m.s.f.DefaultMavenResourcesFiltering - skip non existing resourceDirectory D:\Java WorkSpace\spring-kafak\Event Driven Kafka project\order-service\src\test\resources
2024-02-09 23:50:53,563 [Worker-20: Building] INFO  o.a.m.s.f.DefaultMavenResourcesFiltering - Copying 1 resource from src\main\resources to target\classes
2024-02-09 23:50:53,568 [Worker-20: Building] INFO  o.a.m.s.f.DefaultMavenResourcesFiltering - Copying 0 resource from src\main\resources to target\classes
2024-02-09 23:50:53,569 [Worker-20: Building] INFO  o.a.m.s.f.DefaultMavenResourcesFiltering - skip non existing resourceDirectory D:\Java WorkSpace\spring-kafak\Event Driven Kafka project\order-service\src\test\resources
2024-02-09 23:51:01,398 [Worker-15: Building] INFO  o.a.m.s.f.DefaultMavenResourcesFiltering - Copying 1 resource from src\main\resources to target\classes
2024-02-09 23:51:01,404 [Worker-15: Building] INFO  o.a.m.s.f.DefaultMavenResourcesFiltering - Copying 0 resource from src\main\resources to target\classes
2024-02-09 23:51:01,406 [Worker-15: Building] INFO  o.a.m.s.f.DefaultMavenResourcesFiltering - skip non existing resourceDirectory D:\Java WorkSpace\spring-kafak\Event Driven Kafka project\order-service\src\test\resources
2024-02-09 23:51:38,241 [Worker-2: Building] INFO  o.a.m.s.f.DefaultMavenResourcesFiltering - Copying 1 resource from src\main\resources to target\classes
2024-02-09 23:51:38,247 [Worker-2: Building] INFO  o.a.m.s.f.DefaultMavenResourcesFiltering - Copying 0 resource from src\main\resources to target\classes
2024-02-09 23:51:38,249 [Worker-2: Building] INFO  o.a.m.s.f.DefaultMavenResourcesFiltering - skip non existing resourceDirectory D:\Java WorkSpace\spring-kafak\Event Driven Kafka project\order-service\src\test\resources
2024-02-09 23:52:25,040 [Worker-20: Building] INFO  o.a.m.s.f.DefaultMavenResourcesFiltering - Copying 1 resource from src\main\resources to target\classes
2024-02-09 23:52:25,049 [Worker-20: Building] INFO  o.a.m.s.f.DefaultMavenResourcesFiltering - Copying 0 resource from src\main\resources to target\classes
2024-02-09 23:52:25,053 [Worker-20: Building] INFO  o.a.m.s.f.DefaultMavenResourcesFiltering - skip non existing resourceDirectory D:\Java WorkSpace\spring-kafak\Event Driven Kafka project\order-service\src\test\resources
2024-02-09 23:52:53,223 [Worker-15: Building] INFO  o.a.m.s.f.DefaultMavenResourcesFiltering - Copying 1 resource from src\main\resources to target\classes
2024-02-09 23:52:53,231 [Worker-15: Building] INFO  o.a.m.s.f.DefaultMavenResourcesFiltering - Copying 0 resource from src\main\resources to target\classes
2024-02-09 23:52:53,233 [Worker-15: Building] INFO  o.a.m.s.f.DefaultMavenResourcesFiltering - skip non existing resourceDirectory D:\Java WorkSpace\spring-kafak\Event Driven Kafka project\order-service\src\test\resources
2024-02-09 23:55:17,041 [Worker-20: Building] INFO  o.e.m.c.i.l.LifecycleMappingFactory - Using org.maven.ide.eclipse.wtp.WarLifecycleMapping lifecycle mapping for MavenProject: com.rahul:order-service:0.0.1-SNAPSHOT @ D:\Java WorkSpace\spring-kafak\Event Driven Kafka project\order-service\pom.xml.
2024-02-09 23:55:17,238 [Worker-20: Building] INFO  o.e.m.c.i.p.WorkspaceClassifierResolverManager - Resolving P/base-domain: com.rahul:base-domain:0.0.1-SNAPSHOT with classifier  to /base-domain/target/classes
2024-02-09 23:55:17,423 [Worker-20: Building] INFO  o.e.m.c.i.p.WorkspaceClassifierResolverManager - Resolving P/base-domain: com.rahul:base-domain:0.0.1-SNAPSHOT with classifier  to /base-domain/target/classes
2024-02-09 23:55:17,683 [Worker-20: Building] INFO  o.a.m.s.f.DefaultMavenResourcesFiltering - Copying 0 resource from src\main\resources to target\classes
2024-02-09 23:55:17,683 [Worker-20: Building] INFO  o.a.m.s.f.DefaultMavenResourcesFiltering - Copying 0 resource from src\main\resources to target\classes
2024-02-09 23:55:17,684 [Worker-20: Building] INFO  o.a.m.s.f.DefaultMavenResourcesFiltering - skip non existing resourceDirectory D:\Java WorkSpace\spring-kafak\Event Driven Kafka project\order-service\src\test\resources
2024-02-09 23:55:17,684 [Worker-20: Building] INFO  o.e.m.w.i.f.ResourceFilteringBuildParticipant - Changed resources require a complete clean of filtered resources of order-service
2024-02-09 23:55:17,684 [Worker-20: Building] INFO  o.e.m.w.i.f.ResourceFilteringBuildParticipant - Executing resource filtering for order-service
2024-02-09 23:55:18,808 [Worker-17: reload maven project] INFO  o.e.m.c.i.p.WorkspaceClassifierResolverManager - Resolving P/base-domain: com.rahul:base-domain:0.0.1-SNAPSHOT with classifier  to /base-domain/target/classes
2024-02-09 23:55:19,013 [Worker-17: Building] INFO  o.e.m.c.i.l.LifecycleMappingFactory - Using org.maven.ide.eclipse.wtp.WarLifecycleMapping lifecycle mapping for MavenProject: com.rahul:order-service:0.0.1-SNAPSHOT @ D:\Java WorkSpace\spring-kafak\Event Driven Kafka project\order-service\pom.xml.
2024-02-09 23:55:19,170 [Worker-17: Building] INFO  o.e.m.c.i.p.WorkspaceClassifierResolverManager - Resolving P/base-domain: com.rahul:base-domain:0.0.1-SNAPSHOT with classifier  to /base-domain/target/classes
2024-02-09 23:55:19,437 [Worker-17: Building] INFO  o.a.m.s.f.DefaultMavenResourcesFiltering - Copying 1 resource from src\main\resources to target\classes
2024-02-09 23:55:19,439 [Worker-17: Building] INFO  o.a.m.s.f.DefaultMavenResourcesFiltering - Copying 0 resource from src\main\resources to target\classes
2024-02-09 23:55:19,441 [Worker-17: Building] INFO  o.a.m.s.f.DefaultMavenResourcesFiltering - skip non existing resourceDirectory D:\Java WorkSpace\spring-kafak\Event Driven Kafka project\order-service\src\test\resources
2024-02-09 23:55:19,441 [Worker-17: Building] INFO  o.e.m.w.i.f.ResourceFilteringBuildParticipant - Changed resources require a complete clean of filtered resources of order-service
2024-02-09 23:55:19,441 [Worker-17: Building] INFO  o.e.m.w.i.f.ResourceFilteringBuildParticipant - Executing resource filtering for order-service
2024-02-09 23:55:22,792 [Worker-16: reload maven project] INFO  o.e.m.c.i.p.WorkspaceClassifierResolverManager - Resolving P/base-domain: com.rahul:base-domain:0.0.1-SNAPSHOT with classifier  to /base-domain/target/classes
2024-02-09 23:55:23,382 [Worker-20: Building] INFO  o.e.m.c.i.l.LifecycleMappingFactory - Using org.maven.ide.eclipse.wtp.WarLifecycleMapping lifecycle mapping for MavenProject: com.rahul:order-service:0.0.1-SNAPSHOT @ D:\Java WorkSpace\spring-kafak\Event Driven Kafka project\order-service\pom.xml.
2024-02-09 23:55:23,538 [Worker-20: Building] INFO  o.e.m.c.i.p.WorkspaceClassifierResolverManager - Resolving P/base-domain: com.rahul:base-domain:0.0.1-SNAPSHOT with classifier  to /base-domain/target/classes
2024-02-09 23:55:23,783 [Worker-20: Building] INFO  o.a.m.s.f.DefaultMavenResourcesFiltering - Copying 0 resource from src\main\resources to target\classes
2024-02-09 23:55:23,784 [Worker-20: Building] INFO  o.a.m.s.f.DefaultMavenResourcesFiltering - Copying 0 resource from src\main\resources to target\classes
2024-02-09 23:55:23,785 [Worker-20: Building] INFO  o.a.m.s.f.DefaultMavenResourcesFiltering - skip non existing resourceDirectory D:\Java WorkSpace\spring-kafak\Event Driven Kafka project\order-service\src\test\resources
2024-02-09 23:55:23,785 [Worker-20: Building] INFO  o.e.m.w.i.f.ResourceFilteringBuildParticipant - Changed resources require a complete clean of filtered resources of order-service
2024-02-09 23:55:23,785 [Worker-20: Building] INFO  o.e.m.w.i.f.ResourceFilteringBuildParticipant - Executing resource filtering for order-service
2024-02-09 23:55:38,577 [Worker-2: Building] INFO  o.e.m.c.i.p.WorkspaceClassifierResolverManager - Resolving P/base-domain: com.rahul:base-domain:0.0.1-SNAPSHOT with classifier  to /base-domain/target/classes
2024-02-09 23:55:38,592 [Worker-2: Building] INFO  o.a.m.s.f.DefaultMavenResourcesFiltering - Copying 1 resource from src\main\resources to target\classes
2024-02-09 23:55:38,597 [Worker-2: Building] INFO  o.a.m.s.f.DefaultMavenResourcesFiltering - Copying 0 resource from src\main\resources to target\classes
2024-02-09 23:55:38,600 [Worker-2: Building] INFO  o.a.m.s.f.DefaultMavenResourcesFiltering - skip non existing resourceDirectory D:\Java WorkSpace\spring-kafak\Event Driven Kafka project\order-service\src\test\resources
2024-02-09 23:55:59,264 [Worker-21: Building] INFO  o.a.m.s.f.DefaultMavenResourcesFiltering - Copying 1 resource from src\main\resources to target\classes
2024-02-09 23:55:59,268 [Worker-21: Building] INFO  o.a.m.s.f.DefaultMavenResourcesFiltering - Copying 0 resource from src\main\resources to target\classes
2024-02-09 23:55:59,269 [Worker-21: Building] INFO  o.a.m.s.f.DefaultMavenResourcesFiltering - skip non existing resourceDirectory D:\Java WorkSpace\spring-kafak\Event Driven Kafka project\order-service\src\test\resources
2024-02-09 23:56:04,460 [Worker-16: Building] INFO  o.a.m.s.f.DefaultMavenResourcesFiltering - Copying 1 resource from src\main\resources to target\classes
2024-02-09 23:56:04,463 [Worker-16: Building] INFO  o.a.m.s.f.DefaultMavenResourcesFiltering - Copying 0 resource from src\main\resources to target\classes
2024-02-09 23:56:04,465 [Worker-16: Building] INFO  o.a.m.s.f.DefaultMavenResourcesFiltering - skip non existing resourceDirectory D:\Java WorkSpace\spring-kafak\Event Driven Kafka project\order-service\src\test\resources
2024-02-09 23:56:17,615 [Worker-15: Building] INFO  o.a.m.s.f.DefaultMavenResourcesFiltering - Copying 1 resource from src\main\resources to target\classes
2024-02-09 23:56:17,623 [Worker-15: Building] INFO  o.a.m.s.f.DefaultMavenResourcesFiltering - Copying 0 resource from src\main\resources to target\classes
2024-02-09 23:56:17,625 [Worker-15: Building] INFO  o.a.m.s.f.DefaultMavenResourcesFiltering - skip non existing resourceDirectory D:\Java WorkSpace\spring-kafak\Event Driven Kafka project\order-service\src\test\resources
2024-02-09 23:56:19,890 [Worker-20: Building] INFO  o.a.m.s.f.DefaultMavenResourcesFiltering - Copying 1 resource from src\main\resources to target\classes
2024-02-09 23:56:19,894 [Worker-20: Building] INFO  o.a.m.s.f.DefaultMavenResourcesFiltering - Copying 0 resource from src\main\resources to target\classes
2024-02-09 23:56:19,896 [Worker-20: Building] INFO  o.a.m.s.f.DefaultMavenResourcesFiltering - skip non existing resourceDirectory D:\Java WorkSpace\spring-kafak\Event Driven Kafka project\order-service\src\test\resources
2024-02-09 23:56:55,092 [Worker-21: Building] INFO  o.a.m.s.f.DefaultMavenResourcesFiltering - Copying 1 resource from src\main\resources to target\classes
2024-02-09 23:56:55,096 [Worker-21: Building] INFO  o.a.m.s.f.DefaultMavenResourcesFiltering - Copying 0 resource from src\main\resources to target\classes
2024-02-09 23:56:55,097 [Worker-21: Building] INFO  o.a.m.s.f.DefaultMavenResourcesFiltering - skip non existing resourceDirectory D:\Java WorkSpace\spring-kafak\Event Driven Kafka project\order-service\src\test\resources
2024-02-09 23:57:38,997 [Worker-2: Building] INFO  o.a.m.s.f.DefaultMavenResourcesFiltering - Copying 1 resource from src\main\resources to target\classes
2024-02-09 23:57:39,006 [Worker-2: Building] INFO  o.a.m.s.f.DefaultMavenResourcesFiltering - Copying 0 resource from src\main\resources to target\classes
2024-02-09 23:57:39,008 [Worker-2: Building] INFO  o.a.m.s.f.DefaultMavenResourcesFiltering - skip non existing resourceDirectory D:\Java WorkSpace\spring-kafak\Event Driven Kafka project\order-service\src\test\resources
2024-02-09 23:58:07,471 [Worker-20: Building] INFO  o.a.m.s.f.DefaultMavenResourcesFiltering - Copying 1 resource from src\main\resources to target\classes
2024-02-09 23:58:07,476 [Worker-20: Building] INFO  o.a.m.s.f.DefaultMavenResourcesFiltering - Copying 0 resource from src\main\resources to target\classes
2024-02-09 23:58:07,478 [Worker-20: Building] INFO  o.a.m.s.f.DefaultMavenResourcesFiltering - skip non existing resourceDirectory D:\Java WorkSpace\spring-kafak\Event Driven Kafka project\order-service\src\test\resources
2024-02-09 23:58:42,620 [Worker-2: Building] INFO  o.a.m.s.f.DefaultMavenResourcesFiltering - Copying 1 resource from src\main\resources to target\classes
2024-02-09 23:58:42,625 [Worker-2: Building] INFO  o.a.m.s.f.DefaultMavenResourcesFiltering - Copying 0 resource from src\main\resources to target\classes
2024-02-09 23:58:42,627 [Worker-2: Building] INFO  o.a.m.s.f.DefaultMavenResourcesFiltering - skip non existing resourceDirectory D:\Java WorkSpace\spring-kafak\Event Driven Kafka project\order-service\src\test\resources
2024-02-10 00:01:34,346 [Worker-20: Building] INFO  o.a.m.s.f.DefaultMavenResourcesFiltering - Copying 1 resource from src\main\resources to target\classes
2024-02-10 00:01:34,349 [Worker-20: Building] INFO  o.a.m.s.f.DefaultMavenResourcesFiltering - Copying 0 resource from src\main\resources to target\classes
2024-02-10 00:01:34,350 [Worker-20: Building] INFO  o.a.m.s.f.DefaultMavenResourcesFiltering - skip non existing resourceDirectory D:\Java WorkSpace\spring-kafak\Event Driven Kafka project\order-service\src\test\resources
2024-02-10 00:02:10,924 [Worker-15: Building] INFO  o.a.m.s.f.DefaultMavenResourcesFiltering - Copying 1 resource from src\main\resources to target\classes
2024-02-10 00:02:10,929 [Worker-15: Building] INFO  o.a.m.s.f.DefaultMavenResourcesFiltering - Copying 0 resource from src\main\resources to target\classes
2024-02-10 00:02:10,931 [Worker-15: Building] INFO  o.a.m.s.f.DefaultMavenResourcesFiltering - skip non existing resourceDirectory D:\Java WorkSpace\spring-kafak\Event Driven Kafka project\order-service\src\test\resources
2024-02-10 00:02:47,728 [Worker-21: Building] INFO  o.a.m.s.f.DefaultMavenResourcesFiltering - Copying 1 resource from src\main\resources to target\classes
2024-02-10 00:02:47,730 [Worker-21: Building] INFO  o.a.m.s.f.DefaultMavenResourcesFiltering - Copying 0 resource from src\main\resources to target\classes
2024-02-10 00:02:47,732 [Worker-21: Building] INFO  o.a.m.s.f.DefaultMavenResourcesFiltering - skip non existing resourceDirectory D:\Java WorkSpace\spring-kafak\Event Driven Kafka project\order-service\src\test\resources
2024-02-10 00:03:19,225 [Worker-20: Building] INFO  o.a.m.s.f.DefaultMavenResourcesFiltering - Copying 1 resource from src\main\resources to target\classes
2024-02-10 00:03:19,230 [Worker-20: Building] INFO  o.a.m.s.f.DefaultMavenResourcesFiltering - Copying 0 resource from src\main\resources to target\classes
2024-02-10 00:03:19,232 [Worker-20: Building] INFO  o.a.m.s.f.DefaultMavenResourcesFiltering - skip non existing resourceDirectory D:\Java WorkSpace\spring-kafak\Event Driven Kafka project\order-service\src\test\resources
2024-02-10 00:03:32,844 [Worker-16: Building] INFO  o.a.m.s.f.DefaultMavenResourcesFiltering - Copying 1 resource from src\main\resources to target\classes
2024-02-10 00:03:32,856 [Worker-16: Building] INFO  o.a.m.s.f.DefaultMavenResourcesFiltering - Copying 0 resource from src\main\resources to target\classes
2024-02-10 00:03:32,859 [Worker-16: Building] INFO  o.a.m.s.f.DefaultMavenResourcesFiltering - skip non existing resourceDirectory D:\Java WorkSpace\spring-kafak\Event Driven Kafka project\order-service\src\test\resources
2024-02-10 00:03:48,431 [Worker-20: Building] INFO  o.a.m.s.f.DefaultMavenResourcesFiltering - Copying 1 resource from src\main\resources to target\classes
2024-02-10 00:03:48,432 [Worker-20: Building] INFO  o.a.m.s.f.DefaultMavenResourcesFiltering - Copying 0 resource from src\main\resources to target\classes
2024-02-10 00:03:48,434 [Worker-20: Building] INFO  o.a.m.s.f.DefaultMavenResourcesFiltering - skip non existing resourceDirectory D:\Java WorkSpace\spring-kafak\Event Driven Kafka project\order-service\src\test\resources
2024-02-10 00:03:55,125 [Worker-16: Building] INFO  o.a.m.s.f.DefaultMavenResourcesFiltering - Copying 1 resource from src\main\resources to target\classes
2024-02-10 00:03:55,130 [Worker-16: Building] INFO  o.a.m.s.f.DefaultMavenResourcesFiltering - Copying 0 resource from src\main\resources to target\classes
2024-02-10 00:03:55,132 [Worker-16: Building] INFO  o.a.m.s.f.DefaultMavenResourcesFiltering - skip non existing resourceDirectory D:\Java WorkSpace\spring-kafak\Event Driven Kafka project\order-service\src\test\resources
2024-02-10 00:03:57,221 [Worker-2: Building] INFO  o.a.m.s.f.DefaultMavenResourcesFiltering - Copying 1 resource from src\main\resources to target\classes
2024-02-10 00:03:57,229 [Worker-2: Building] INFO  o.a.m.s.f.DefaultMavenResourcesFiltering - Copying 0 resource from src\main\resources to target\classes
2024-02-10 00:03:57,230 [Worker-2: Building] INFO  o.a.m.s.f.DefaultMavenResourcesFiltering - skip non existing resourceDirectory D:\Java WorkSpace\spring-kafak\Event Driven Kafka project\order-service\src\test\resources
2024-02-10 00:04:00,386 [Worker-16: Building] INFO  o.a.m.s.f.DefaultMavenResourcesFiltering - Copying 1 resource from src\main\resources to target\classes
2024-02-10 00:04:00,391 [Worker-16: Building] INFO  o.a.m.s.f.DefaultMavenResourcesFiltering - Copying 0 resource from src\main\resources to target\classes
2024-02-10 00:04:00,392 [Worker-16: Building] INFO  o.a.m.s.f.DefaultMavenResourcesFiltering - skip non existing resourceDirectory D:\Java WorkSpace\spring-kafak\Event Driven Kafka project\order-service\src\test\resources
2024-02-10 00:04:29,190 [Worker-17: Building] INFO  o.a.m.s.f.DefaultMavenResourcesFiltering - Copying 1 resource from src\main\resources to target\classes
2024-02-10 00:04:29,195 [Worker-17: Building] INFO  o.a.m.s.f.DefaultMavenResourcesFiltering - Copying 0 resource from src\main\resources to target\classes
2024-02-10 00:04:29,197 [Worker-17: Building] INFO  o.a.m.s.f.DefaultMavenResourcesFiltering - skip non existing resourceDirectory D:\Java WorkSpace\spring-kafak\Event Driven Kafka project\order-service\src\test\resources
2024-02-10 00:04:32,317 [Worker-15: Building] INFO  o.a.m.s.f.DefaultMavenResourcesFiltering - Copying 1 resource from src\main\resources to target\classes
2024-02-10 00:04:32,321 [Worker-15: Building] INFO  o.a.m.s.f.DefaultMavenResourcesFiltering - Copying 0 resource from src\main\resources to target\classes
2024-02-10 00:04:32,324 [Worker-15: Building] INFO  o.a.m.s.f.DefaultMavenResourcesFiltering - skip non existing resourceDirectory D:\Java WorkSpace\spring-kafak\Event Driven Kafka project\order-service\src\test\resources
2024-02-10 00:05:11,187 [Worker-16: Building] INFO  o.a.m.s.f.DefaultMavenResourcesFiltering - Copying 1 resource from src\main\resources to target\classes
2024-02-10 00:05:11,191 [Worker-16: Building] INFO  o.a.m.s.f.DefaultMavenResourcesFiltering - Copying 0 resource from src\main\resources to target\classes
2024-02-10 00:05:11,192 [Worker-16: Building] INFO  o.a.m.s.f.DefaultMavenResourcesFiltering - skip non existing resourceDirectory D:\Java WorkSpace\spring-kafak\Event Driven Kafka project\order-service\src\test\resources
2024-02-10 00:05:56,564 [Worker-20: Building] INFO  o.a.m.s.f.DefaultMavenResourcesFiltering - Copying 1 resource from src\main\resources to target\classes
2024-02-10 00:05:56,570 [Worker-20: Building] INFO  o.a.m.s.f.DefaultMavenResourcesFiltering - Copying 0 resource from src\main\resources to target\classes
2024-02-10 00:05:56,572 [Worker-20: Building] INFO  o.a.m.s.f.DefaultMavenResourcesFiltering - skip non existing resourceDirectory D:\Java WorkSpace\spring-kafak\Event Driven Kafka project\order-service\src\test\resources
2024-02-10 00:06:08,088 [Worker-20: Building] INFO  o.a.m.s.f.DefaultMavenResourcesFiltering - Copying 1 resource from src\main\resources to target\classes
2024-02-10 00:06:08,091 [Worker-20: Building] INFO  o.a.m.s.f.DefaultMavenResourcesFiltering - Copying 0 resource from src\main\resources to target\classes
2024-02-10 00:06:08,092 [Worker-20: Building] INFO  o.a.m.s.f.DefaultMavenResourcesFiltering - skip non existing resourceDirectory D:\Java WorkSpace\spring-kafak\Event Driven Kafka project\order-service\src\test\resources
2024-02-10 00:07:20,818 [Worker-22: Building] INFO  o.a.m.s.f.DefaultMavenResourcesFiltering - Copying 1 resource from src\main\resources to target\classes
2024-02-10 00:07:20,827 [Worker-22: Building] INFO  o.a.m.s.f.DefaultMavenResourcesFiltering - Copying 0 resource from src\main\resources to target\classes
2024-02-10 00:07:20,829 [Worker-22: Building] INFO  o.a.m.s.f.DefaultMavenResourcesFiltering - skip non existing resourceDirectory D:\Java WorkSpace\spring-kafak\Event Driven Kafka project\order-service\src\test\resources
2024-02-10 00:07:26,828 [Worker-16: Building] INFO  o.a.m.s.f.DefaultMavenResourcesFiltering - Copying 1 resource from src\main\resources to target\classes
2024-02-10 00:07:26,833 [Worker-16: Building] INFO  o.a.m.s.f.DefaultMavenResourcesFiltering - Copying 0 resource from src\main\resources to target\classes
2024-02-10 00:07:26,835 [Worker-16: Building] INFO  o.a.m.s.f.DefaultMavenResourcesFiltering - skip non existing resourceDirectory D:\Java WorkSpace\spring-kafak\Event Driven Kafka project\order-service\src\test\resources
2024-02-10 00:07:52,828 [Worker-17: Building] INFO  o.a.m.s.f.DefaultMavenResourcesFiltering - Copying 1 resource from src\main\resources to target\classes
2024-02-10 00:07:52,831 [Worker-17: Building] INFO  o.a.m.s.f.DefaultMavenResourcesFiltering - Copying 0 resource from src\main\resources to target\classes
2024-02-10 00:07:52,833 [Worker-17: Building] INFO  o.a.m.s.f.DefaultMavenResourcesFiltering - skip non existing resourceDirectory D:\Java WorkSpace\spring-kafak\Event Driven Kafka project\order-service\src\test\resources
2024-02-10 00:08:10,370 [Worker-20: Building] INFO  o.a.m.s.f.DefaultMavenResourcesFiltering - Copying 1 resource from src\main\resources to target\classes
2024-02-10 00:08:10,373 [Worker-20: Building] INFO  o.a.m.s.f.DefaultMavenResourcesFiltering - Copying 0 resource from src\main\resources to target\classes
2024-02-10 00:08:10,374 [Worker-20: Building] INFO  o.a.m.s.f.DefaultMavenResourcesFiltering - skip non existing resourceDirectory D:\Java WorkSpace\spring-kafak\Event Driven Kafka project\order-service\src\test\resources
2024-02-10 00:08:18,436 [Worker-22: Building] INFO  o.a.m.s.f.DefaultMavenResourcesFiltering - Copying 1 resource from src\main\resources to target\classes
2024-02-10 00:08:18,443 [Worker-22: Building] INFO  o.a.m.s.f.DefaultMavenResourcesFiltering - Copying 0 resource from src\main\resources to target\classes
2024-02-10 00:08:18,445 [Worker-22: Building] INFO  o.a.m.s.f.DefaultMavenResourcesFiltering - skip non existing resourceDirectory D:\Java WorkSpace\spring-kafak\Event Driven Kafka project\order-service\src\test\resources
2024-02-10 00:09:12,571 [Worker-2: Launching order-service - OrderServiceApplication] INFO  o.e.m.c.i.p.WorkspaceClassifierResolverManager - Resolving P/base-domain: com.rahul:base-domain:0.0.1-SNAPSHOT with classifier null to /base-domain/target/classes
2024-02-10 00:09:12,639 [Worker-2: Launching order-service - OrderServiceApplication] INFO  o.e.m.c.i.p.WorkspaceClassifierResolverManager - Resolving P/base-domain: com.rahul:base-domain:0.0.1-SNAPSHOT with classifier null to /base-domain/target/classes
2024-02-10 00:09:12,702 [Worker-2: Launching order-service - OrderServiceApplication] INFO  o.e.m.c.i.p.WorkspaceClassifierResolverManager - Resolving P/base-domain: com.rahul:base-domain:0.0.1-SNAPSHOT with classifier null to /base-domain/target/classes
2024-02-10 00:10:05,731 [Worker-21: Building] INFO  o.a.m.s.f.DefaultMavenResourcesFiltering - Copying 1 resource from src\main\resources to target\classes
2024-02-10 00:10:05,736 [Worker-21: Building] INFO  o.a.m.s.f.DefaultMavenResourcesFiltering - Copying 0 resource from src\main\resources to target\classes
2024-02-10 00:10:05,737 [Worker-21: Building] INFO  o.a.m.s.f.DefaultMavenResourcesFiltering - skip non existing resourceDirectory D:\Java WorkSpace\spring-kafak\Event Driven Kafka project\order-service\src\test\resources
2024-02-10 00:10:12,388 [Worker-21: Building] INFO  o.a.m.s.f.DefaultMavenResourcesFiltering - Copying 1 resource from src\main\resources to target\classes
2024-02-10 00:10:12,401 [Worker-21: Building] INFO  o.a.m.s.f.DefaultMavenResourcesFiltering - Copying 0 resource from src\main\resources to target\classes
2024-02-10 00:10:12,404 [Worker-21: Building] INFO  o.a.m.s.f.DefaultMavenResourcesFiltering - skip non existing resourceDirectory D:\Java WorkSpace\spring-kafak\Event Driven Kafka project\order-service\src\test\resources
2024-02-10 00:10:14,536 [Worker-2: Launching order-service - OrderServiceApplication] INFO  o.e.m.c.i.p.WorkspaceClassifierResolverManager - Resolving P/base-domain: com.rahul:base-domain:0.0.1-SNAPSHOT with classifier null to /base-domain/target/classes
2024-02-10 00:10:14,602 [Worker-2: Launching order-service - OrderServiceApplication] INFO  o.e.m.c.i.p.WorkspaceClassifierResolverManager - Resolving P/base-domain: com.rahul:base-domain:0.0.1-SNAPSHOT with classifier null to /base-domain/target/classes
2024-02-10 00:10:14,659 [Worker-2: Launching order-service - OrderServiceApplication] INFO  o.e.m.c.i.p.WorkspaceClassifierResolverManager - Resolving P/base-domain: com.rahul:base-domain:0.0.1-SNAPSHOT with classifier null to /base-domain/target/classes
2024-02-10 00:12:43,969 [Worker-22: Building] INFO  o.a.m.s.f.DefaultMavenResourcesFiltering - Copying 1 resource from src\main\resources to target\classes
2024-02-10 00:12:43,982 [Worker-22: Building] INFO  o.a.m.s.f.DefaultMavenResourcesFiltering - Copying 0 resource from src\main\resources to target\classes
2024-02-10 00:12:43,985 [Worker-22: Building] INFO  o.a.m.s.f.DefaultMavenResourcesFiltering - skip non existing resourceDirectory D:\Java WorkSpace\spring-kafak\Event Driven Kafka project\order-service\src\test\resources
2024-02-10 00:12:45,941 [Worker-17: Launching order-service - OrderServiceApplication] INFO  o.e.m.c.i.p.WorkspaceClassifierResolverManager - Resolving P/base-domain: com.rahul:base-domain:0.0.1-SNAPSHOT with classifier null to /base-domain/target/classes
2024-02-10 00:12:46,002 [Worker-17: Launching order-service - OrderServiceApplication] INFO  o.e.m.c.i.p.WorkspaceClassifierResolverManager - Resolving P/base-domain: com.rahul:base-domain:0.0.1-SNAPSHOT with classifier null to /base-domain/target/classes
2024-02-10 00:12:46,070 [Worker-17: Launching order-service - OrderServiceApplication] INFO  o.e.m.c.i.p.WorkspaceClassifierResolverManager - Resolving P/base-domain: com.rahul:base-domain:0.0.1-SNAPSHOT with classifier null to /base-domain/target/classes
2024-02-10 00:14:48,110 [Worker-16: Building] INFO  o.a.m.s.f.DefaultMavenResourcesFiltering - Copying 1 resource from src\main\resources to target\classes
2024-02-10 00:14:48,116 [Worker-16: Building] INFO  o.a.m.s.f.DefaultMavenResourcesFiltering - Copying 0 resource from src\main\resources to target\classes
2024-02-10 00:14:48,117 [Worker-16: Building] INFO  o.a.m.s.f.DefaultMavenResourcesFiltering - skip non existing resourceDirectory D:\Java WorkSpace\spring-kafak\Event Driven Kafka project\base-domain\src\test\resources
2024-02-10 00:14:58,189 [Worker-2: Building] INFO  o.a.m.s.f.DefaultMavenResourcesFiltering - Copying 1 resource from src\main\resources to target\classes
2024-02-10 00:14:58,195 [Worker-2: Building] INFO  o.a.m.s.f.DefaultMavenResourcesFiltering - Copying 0 resource from src\main\resources to target\classes
2024-02-10 00:14:58,196 [Worker-2: Building] INFO  o.a.m.s.f.DefaultMavenResourcesFiltering - skip non existing resourceDirectory D:\Java WorkSpace\spring-kafak\Event Driven Kafka project\base-domain\src\test\resources
2024-02-10 00:15:01,310 [Worker-23: Launching order-service - OrderServiceApplication] INFO  o.e.m.c.i.p.WorkspaceClassifierResolverManager - Resolving P/base-domain: com.rahul:base-domain:0.0.1-SNAPSHOT with classifier null to /base-domain/target/classes
2024-02-10 00:15:01,379 [Worker-23: Launching order-service - OrderServiceApplication] INFO  o.e.m.c.i.p.WorkspaceClassifierResolverManager - Resolving P/base-domain: com.rahul:base-domain:0.0.1-SNAPSHOT with classifier null to /base-domain/target/classes
2024-02-10 00:15:01,448 [Worker-23: Launching order-service - OrderServiceApplication] INFO  o.e.m.c.i.p.WorkspaceClassifierResolverManager - Resolving P/base-domain: com.rahul:base-domain:0.0.1-SNAPSHOT with classifier null to /base-domain/target/classes
2024-02-10 00:17:06,056 [Worker-27: Building] INFO  o.a.m.s.f.DefaultMavenResourcesFiltering - Copying 1 resource from src\main\resources to target\classes
2024-02-10 00:17:06,068 [Worker-27: Building] INFO  o.a.m.s.f.DefaultMavenResourcesFiltering - Copying 0 resource from src\main\resources to target\classes
2024-02-10 00:17:06,071 [Worker-27: Building] INFO  o.a.m.s.f.DefaultMavenResourcesFiltering - skip non existing resourceDirectory D:\Java WorkSpace\spring-kafak\Event Driven Kafka project\email-service\src\test\resources
2024-02-10 00:20:14,842 [Worker-25: Building] INFO  o.a.m.s.f.DefaultMavenResourcesFiltering - Copying 1 resource from src\main\resources to target\classes
2024-02-10 00:20:14,852 [Worker-25: Building] INFO  o.a.m.s.f.DefaultMavenResourcesFiltering - Copying 0 resource from src\main\resources to target\classes
2024-02-10 00:20:14,855 [Worker-25: Building] INFO  o.a.m.s.f.DefaultMavenResourcesFiltering - skip non existing resourceDirectory D:\Java WorkSpace\spring-kafak\Event Driven Kafka project\stock-service\src\test\resources
2024-02-10 00:21:17,125 [Worker-17: Building] INFO  o.a.m.s.f.DefaultMavenResourcesFiltering - Copying 1 resource from src\main\resources to target\classes
2024-02-10 00:21:17,131 [Worker-17: Building] INFO  o.a.m.s.f.DefaultMavenResourcesFiltering - Copying 0 resource from src\main\resources to target\classes
2024-02-10 00:21:17,133 [Worker-17: Building] INFO  o.a.m.s.f.DefaultMavenResourcesFiltering - skip non existing resourceDirectory D:\Java WorkSpace\spring-kafak\Event Driven Kafka project\stock-service\src\test\resources
2024-02-10 00:21:28,708 [Worker-17: Building] INFO  o.a.m.s.f.DefaultMavenResourcesFiltering - Copying 1 resource from src\main\resources to target\classes
2024-02-10 00:21:28,715 [Worker-17: Building] INFO  o.a.m.s.f.DefaultMavenResourcesFiltering - Copying 0 resource from src\main\resources to target\classes
2024-02-10 00:21:28,716 [Worker-17: Building] INFO  o.a.m.s.f.DefaultMavenResourcesFiltering - skip non existing resourceDirectory D:\Java WorkSpace\spring-kafak\Event Driven Kafka project\email-service\src\test\resources
2024-02-10 00:22:45,253 [Worker-28: Building] INFO  o.a.m.s.f.DefaultMavenResourcesFiltering - Copying 1 resource from src\main\resources to target\classes
2024-02-10 00:22:45,263 [Worker-28: Building] INFO  o.a.m.s.f.DefaultMavenResourcesFiltering - Copying 0 resource from src\main\resources to target\classes
2024-02-10 00:22:45,266 [Worker-28: Building] INFO  o.a.m.s.f.DefaultMavenResourcesFiltering - skip non existing resourceDirectory D:\Java WorkSpace\spring-kafak\Event Driven Kafka project\stock-service\src\test\resources
2024-02-10 00:22:55,219 [Worker-30: Building] INFO  o.a.m.s.f.DefaultMavenResourcesFiltering - Copying 1 resource from src\main\resources to target\classes
2024-02-10 00:22:55,224 [Worker-30: Building] INFO  o.a.m.s.f.DefaultMavenResourcesFiltering - Copying 0 resource from src\main\resources to target\classes
2024-02-10 00:22:55,225 [Worker-30: Building] INFO  o.a.m.s.f.DefaultMavenResourcesFiltering - skip non existing resourceDirectory D:\Java WorkSpace\spring-kafak\Event Driven Kafka project\stock-service\src\test\resources
2024-02-10 00:22:59,886 [Worker-25: Building] INFO  o.a.m.s.f.DefaultMavenResourcesFiltering - Copying 1 resource from src\main\resources to target\classes
2024-02-10 00:22:59,892 [Worker-25: Building] INFO  o.a.m.s.f.DefaultMavenResourcesFiltering - Copying 0 resource from src\main\resources to target\classes
2024-02-10 00:22:59,894 [Worker-25: Building] INFO  o.a.m.s.f.DefaultMavenResourcesFiltering - skip non existing resourceDirectory D:\Java WorkSpace\spring-kafak\Event Driven Kafka project\stock-service\src\test\resources
2024-02-10 00:23:12,052 [Worker-28: Building] INFO  o.a.m.s.f.DefaultMavenResourcesFiltering - Copying 1 resource from src\main\resources to target\classes
2024-02-10 00:23:12,059 [Worker-28: Building] INFO  o.a.m.s.f.DefaultMavenResourcesFiltering - Copying 0 resource from src\main\resources to target\classes
2024-02-10 00:23:12,060 [Worker-28: Building] INFO  o.a.m.s.f.DefaultMavenResourcesFiltering - skip non existing resourceDirectory D:\Java WorkSpace\spring-kafak\Event Driven Kafka project\stock-service\src\test\resources
2024-02-10 00:24:22,349 [Worker-30: Building] INFO  o.e.m.c.i.l.LifecycleMappingFactory - Using org.maven.ide.eclipse.wtp.WarLifecycleMapping lifecycle mapping for MavenProject: com.rahul:stock-service:0.0.1-SNAPSHOT @ D:\Java WorkSpace\spring-kafak\Event Driven Kafka project\stock-service\pom.xml.
2024-02-10 00:24:22,510 [Worker-30: Building] INFO  o.e.m.c.i.p.WorkspaceClassifierResolverManager - Resolving P/base-domain: com.rahul:base-domain:0.0.1-SNAPSHOT with classifier  to /base-domain/target/classes
2024-02-10 00:24:22,695 [Worker-30: Building] INFO  o.e.m.c.i.p.WorkspaceClassifierResolverManager - Resolving P/base-domain: com.rahul:base-domain:0.0.1-SNAPSHOT with classifier  to /base-domain/target/classes
2024-02-10 00:24:22,912 [Worker-30: Building] INFO  o.a.m.s.f.DefaultMavenResourcesFiltering - Copying 0 resource from src\main\resources to target\classes
2024-02-10 00:24:22,912 [Worker-30: Building] INFO  o.a.m.s.f.DefaultMavenResourcesFiltering - Copying 0 resource from src\main\resources to target\classes
2024-02-10 00:24:22,913 [Worker-30: Building] INFO  o.a.m.s.f.DefaultMavenResourcesFiltering - skip non existing resourceDirectory D:\Java WorkSpace\spring-kafak\Event Driven Kafka project\stock-service\src\test\resources
2024-02-10 00:24:22,913 [Worker-30: Building] INFO  o.e.m.w.i.f.ResourceFilteringBuildParticipant - Changed resources require a complete clean of filtered resources of stock-service
2024-02-10 00:24:22,913 [Worker-30: Building] INFO  o.e.m.w.i.f.ResourceFilteringBuildParticipant - Executing resource filtering for stock-service
2024-02-10 00:24:24,368 [Worker-28: Building] INFO  o.e.m.c.i.p.WorkspaceClassifierResolverManager - Resolving P/base-domain: com.rahul:base-domain:0.0.1-SNAPSHOT with classifier  to /base-domain/target/classes
2024-02-10 00:24:24,383 [Worker-28: Building] INFO  o.a.m.s.f.DefaultMavenResourcesFiltering - Copying 1 resource from src\main\resources to target\classes
2024-02-10 00:24:24,384 [Worker-28: Building] INFO  o.a.m.s.f.DefaultMavenResourcesFiltering - Copying 0 resource from src\main\resources to target\classes
2024-02-10 00:24:24,385 [Worker-28: Building] INFO  o.a.m.s.f.DefaultMavenResourcesFiltering - skip non existing resourceDirectory D:\Java WorkSpace\spring-kafak\Event Driven Kafka project\stock-service\src\test\resources
2024-02-10 00:25:43,183 [Worker-28: Building] INFO  o.a.m.s.f.DefaultMavenResourcesFiltering - Copying 1 resource from src\main\resources to target\classes
2024-02-10 00:25:43,186 [Worker-28: Building] INFO  o.a.m.s.f.DefaultMavenResourcesFiltering - Copying 0 resource from src\main\resources to target\classes
2024-02-10 00:25:43,187 [Worker-28: Building] INFO  o.a.m.s.f.DefaultMavenResourcesFiltering - skip non existing resourceDirectory D:\Java WorkSpace\spring-kafak\Event Driven Kafka project\stock-service\src\test\resources
2024-02-10 00:26:03,298 [Worker-30: Building] INFO  o.a.m.s.f.DefaultMavenResourcesFiltering - Copying 1 resource from src\main\resources to target\classes
2024-02-10 00:26:03,306 [Worker-30: Building] INFO  o.a.m.s.f.DefaultMavenResourcesFiltering - Copying 0 resource from src\main\resources to target\classes
2024-02-10 00:26:03,309 [Worker-30: Building] INFO  o.a.m.s.f.DefaultMavenResourcesFiltering - skip non existing resourceDirectory D:\Java WorkSpace\spring-kafak\Event Driven Kafka project\stock-service\src\test\resources
2024-02-10 00:26:25,253 [Worker-30: Building] INFO  o.a.m.s.f.DefaultMavenResourcesFiltering - Copying 1 resource from src\main\resources to target\classes
2024-02-10 00:26:25,257 [Worker-30: Building] INFO  o.a.m.s.f.DefaultMavenResourcesFiltering - Copying 0 resource from src\main\resources to target\classes
2024-02-10 00:26:25,259 [Worker-30: Building] INFO  o.a.m.s.f.DefaultMavenResourcesFiltering - skip non existing resourceDirectory D:\Java WorkSpace\spring-kafak\Event Driven Kafka project\stock-service\src\test\resources
2024-02-10 00:26:38,778 [Worker-25: Building] INFO  o.a.m.s.f.DefaultMavenResourcesFiltering - Copying 1 resource from src\main\resources to target\classes
2024-02-10 00:26:38,782 [Worker-25: Building] INFO  o.a.m.s.f.DefaultMavenResourcesFiltering - Copying 0 resource from src\main\resources to target\classes
2024-02-10 00:26:38,784 [Worker-25: Building] INFO  o.a.m.s.f.DefaultMavenResourcesFiltering - skip non existing resourceDirectory D:\Java WorkSpace\spring-kafak\Event Driven Kafka project\stock-service\src\test\resources
2024-02-10 00:27:53,543 [Worker-31: Building] INFO  o.a.m.s.f.DefaultMavenResourcesFiltering - Copying 1 resource from src\main\resources to target\classes
2024-02-10 00:27:53,549 [Worker-31: Building] INFO  o.a.m.s.f.DefaultMavenResourcesFiltering - Copying 0 resource from src\main\resources to target\classes
2024-02-10 00:27:53,551 [Worker-31: Building] INFO  o.a.m.s.f.DefaultMavenResourcesFiltering - skip non existing resourceDirectory D:\Java WorkSpace\spring-kafak\Event Driven Kafka project\stock-service\src\test\resources
2024-02-10 00:27:55,649 [Worker-31: Building] INFO  o.a.m.s.f.DefaultMavenResourcesFiltering - Copying 1 resource from src\main\resources to target\classes
2024-02-10 00:27:55,653 [Worker-31: Building] INFO  o.a.m.s.f.DefaultMavenResourcesFiltering - Copying 0 resource from src\main\resources to target\classes
2024-02-10 00:27:55,656 [Worker-31: Building] INFO  o.a.m.s.f.DefaultMavenResourcesFiltering - skip non existing resourceDirectory D:\Java WorkSpace\spring-kafak\Event Driven Kafka project\stock-service\src\test\resources
2024-02-10 00:28:48,894 [Worker-28: Launching stock-service - StockServiceApplication] INFO  o.e.m.c.i.p.WorkspaceClassifierResolverManager - Resolving P/base-domain: com.rahul:base-domain:0.0.1-SNAPSHOT with classifier null to /base-domain/target/classes
2024-02-10 00:28:48,955 [Worker-28: Launching stock-service - StockServiceApplication] INFO  o.e.m.c.i.p.WorkspaceClassifierResolverManager - Resolving P/base-domain: com.rahul:base-domain:0.0.1-SNAPSHOT with classifier null to /base-domain/target/classes
2024-02-10 00:28:49,015 [Worker-28: Launching stock-service - StockServiceApplication] INFO  o.e.m.c.i.p.WorkspaceClassifierResolverManager - Resolving P/base-domain: com.rahul:base-domain:0.0.1-SNAPSHOT with classifier null to /base-domain/target/classes
2024-02-10 00:30:07,698 [Worker-30: Building] INFO  o.a.m.s.f.DefaultMavenResourcesFiltering - Copying 1 resource from src\main\resources to target\classes
2024-02-10 00:30:07,704 [Worker-30: Building] INFO  o.a.m.s.f.DefaultMavenResourcesFiltering - Copying 0 resource from src\main\resources to target\classes
2024-02-10 00:30:07,705 [Worker-30: Building] INFO  o.a.m.s.f.DefaultMavenResourcesFiltering - skip non existing resourceDirectory D:\Java WorkSpace\spring-kafak\Event Driven Kafka project\stock-service\src\test\resources
2024-02-10 00:30:09,484 [Worker-28: Launching stock-service - StockServiceApplication] INFO  o.e.m.c.i.p.WorkspaceClassifierResolverManager - Resolving P/base-domain: com.rahul:base-domain:0.0.1-SNAPSHOT with classifier null to /base-domain/target/classes
2024-02-10 00:30:09,561 [Worker-28: Launching stock-service - StockServiceApplication] INFO  o.e.m.c.i.p.WorkspaceClassifierResolverManager - Resolving P/base-domain: com.rahul:base-domain:0.0.1-SNAPSHOT with classifier null to /base-domain/target/classes
2024-02-10 00:30:09,637 [Worker-28: Launching stock-service - StockServiceApplication] INFO  o.e.m.c.i.p.WorkspaceClassifierResolverManager - Resolving P/base-domain: com.rahul:base-domain:0.0.1-SNAPSHOT with classifier null to /base-domain/target/classes
2024-02-10 00:32:21,393 [Worker-36: Building] INFO  o.a.m.s.f.DefaultMavenResourcesFiltering - Copying 1 resource from src\main\resources to target\classes
2024-02-10 00:32:21,400 [Worker-36: Building] INFO  o.a.m.s.f.DefaultMavenResourcesFiltering - Copying 0 resource from src\main\resources to target\classes
2024-02-10 00:32:21,401 [Worker-36: Building] INFO  o.a.m.s.f.DefaultMavenResourcesFiltering - skip non existing resourceDirectory D:\Java WorkSpace\spring-kafak\Event Driven Kafka project\email-service\src\test\resources
2024-02-10 00:33:15,932 [Worker-37: Building] INFO  o.a.m.s.f.DefaultMavenResourcesFiltering - Copying 1 resource from src\main\resources to target\classes
2024-02-10 00:33:15,940 [Worker-37: Building] INFO  o.a.m.s.f.DefaultMavenResourcesFiltering - Copying 0 resource from src\main\resources to target\classes
2024-02-10 00:33:15,942 [Worker-37: Building] INFO  o.a.m.s.f.DefaultMavenResourcesFiltering - skip non existing resourceDirectory D:\Java WorkSpace\spring-kafak\Event Driven Kafka project\email-service\src\test\resources
2024-02-10 00:33:21,340 [Worker-38: Building] INFO  o.a.m.s.f.DefaultMavenResourcesFiltering - Copying 1 resource from src\main\resources to target\classes
2024-02-10 00:33:21,348 [Worker-38: Building] INFO  o.a.m.s.f.DefaultMavenResourcesFiltering - Copying 0 resource from src\main\resources to target\classes
2024-02-10 00:33:21,349 [Worker-38: Building] INFO  o.a.m.s.f.DefaultMavenResourcesFiltering - skip non existing resourceDirectory D:\Java WorkSpace\spring-kafak\Event Driven Kafka project\email-service\src\test\resources
2024-02-10 00:33:45,849 [Worker-39: Building] INFO  o.a.m.s.f.DefaultMavenResourcesFiltering - Copying 1 resource from src\main\resources to target\classes
2024-02-10 00:33:45,855 [Worker-39: Building] INFO  o.a.m.s.f.DefaultMavenResourcesFiltering - Copying 0 resource from src\main\resources to target\classes
2024-02-10 00:33:45,856 [Worker-39: Building] INFO  o.a.m.s.f.DefaultMavenResourcesFiltering - skip non existing resourceDirectory D:\Java WorkSpace\spring-kafak\Event Driven Kafka project\email-service\src\test\resources
2024-02-10 00:33:57,470 [Worker-28: Building] INFO  o.a.m.s.f.DefaultMavenResourcesFiltering - Copying 1 resource from src\main\resources to target\classes
2024-02-10 00:33:57,476 [Worker-28: Building] INFO  o.a.m.s.f.DefaultMavenResourcesFiltering - Copying 0 resource from src\main\resources to target\classes
2024-02-10 00:33:57,478 [Worker-28: Building] INFO  o.a.m.s.f.DefaultMavenResourcesFiltering - skip non existing resourceDirectory D:\Java WorkSpace\spring-kafak\Event Driven Kafka project\email-service\src\test\resources
2024-02-10 00:34:06,920 [Worker-36: Building] INFO  o.a.m.s.f.DefaultMavenResourcesFiltering - Copying 1 resource from src\main\resources to target\classes
2024-02-10 00:34:06,926 [Worker-36: Building] INFO  o.a.m.s.f.DefaultMavenResourcesFiltering - Copying 0 resource from src\main\resources to target\classes
2024-02-10 00:34:06,927 [Worker-36: Building] INFO  o.a.m.s.f.DefaultMavenResourcesFiltering - skip non existing resourceDirectory D:\Java WorkSpace\spring-kafak\Event Driven Kafka project\email-service\src\test\resources
2024-02-10 00:34:26,368 [Worker-39: Building] INFO  o.a.m.s.f.DefaultMavenResourcesFiltering - Copying 1 resource from src\main\resources to target\classes
2024-02-10 00:34:26,372 [Worker-39: Building] INFO  o.a.m.s.f.DefaultMavenResourcesFiltering - Copying 0 resource from src\main\resources to target\classes
2024-02-10 00:34:26,373 [Worker-39: Building] INFO  o.a.m.s.f.DefaultMavenResourcesFiltering - skip non existing resourceDirectory D:\Java WorkSpace\spring-kafak\Event Driven Kafka project\email-service\src\test\resources
2024-02-10 00:34:38,773 [Worker-39: Building] INFO  o.a.m.s.f.DefaultMavenResourcesFiltering - Copying 1 resource from src\main\resources to target\classes
2024-02-10 00:34:38,781 [Worker-39: Building] INFO  o.a.m.s.f.DefaultMavenResourcesFiltering - Copying 0 resource from src\main\resources to target\classes
2024-02-10 00:34:38,784 [Worker-39: Building] INFO  o.a.m.s.f.DefaultMavenResourcesFiltering - skip non existing resourceDirectory D:\Java WorkSpace\spring-kafak\Event Driven Kafka project\email-service\src\test\resources
2024-02-10 00:35:08,193 [Worker-37: Building] INFO  o.e.m.c.i.l.LifecycleMappingFactory - Using org.maven.ide.eclipse.wtp.WarLifecycleMapping lifecycle mapping for MavenProject: com.rahul:email-service:0.0.1-SNAPSHOT @ D:\Java WorkSpace\spring-kafak\Event Driven Kafka project\email-service\pom.xml.
2024-02-10 00:35:08,478 [Worker-37: Building] INFO  o.e.m.c.i.p.WorkspaceClassifierResolverManager - Resolving P/base-domain: com.rahul:base-domain:0.0.1-SNAPSHOT with classifier  to /base-domain/target/classes
2024-02-10 00:35:08,638 [Worker-37: Building] INFO  o.e.m.c.i.p.WorkspaceClassifierResolverManager - Resolving P/base-domain: com.rahul:base-domain:0.0.1-SNAPSHOT with classifier  to /base-domain/target/classes
2024-02-10 00:35:08,863 [Worker-37: Building] INFO  o.a.m.s.f.DefaultMavenResourcesFiltering - Copying 0 resource from src\main\resources to target\classes
2024-02-10 00:35:08,863 [Worker-37: Building] INFO  o.a.m.s.f.DefaultMavenResourcesFiltering - Copying 0 resource from src\main\resources to target\classes
2024-02-10 00:35:08,864 [Worker-37: Building] INFO  o.a.m.s.f.DefaultMavenResourcesFiltering - skip non existing resourceDirectory D:\Java WorkSpace\spring-kafak\Event Driven Kafka project\email-service\src\test\resources
2024-02-10 00:35:08,864 [Worker-37: Building] INFO  o.e.m.w.i.f.ResourceFilteringBuildParticipant - Changed resources require a complete clean of filtered resources of email-service
2024-02-10 00:35:08,864 [Worker-37: Building] INFO  o.e.m.w.i.f.ResourceFilteringBuildParticipant - Executing resource filtering for email-service
2024-02-10 00:35:10,284 [Worker-28: Building] INFO  o.e.m.c.i.p.WorkspaceClassifierResolverManager - Resolving P/base-domain: com.rahul:base-domain:0.0.1-SNAPSHOT with classifier  to /base-domain/target/classes
2024-02-10 00:35:10,301 [Worker-28: Building] INFO  o.a.m.s.f.DefaultMavenResourcesFiltering - Copying 1 resource from src\main\resources to target\classes
2024-02-10 00:35:10,302 [Worker-28: Building] INFO  o.a.m.s.f.DefaultMavenResourcesFiltering - Copying 0 resource from src\main\resources to target\classes
2024-02-10 00:35:10,304 [Worker-28: Building] INFO  o.a.m.s.f.DefaultMavenResourcesFiltering - skip non existing resourceDirectory D:\Java WorkSpace\spring-kafak\Event Driven Kafka project\email-service\src\test\resources
2024-02-10 00:35:11,631 [Worker-36: Building] INFO  o.e.m.c.i.l.LifecycleMappingFactory - Using org.maven.ide.eclipse.wtp.WarLifecycleMapping lifecycle mapping for MavenProject: com.rahul:email-service:0.0.1-SNAPSHOT @ D:\Java WorkSpace\spring-kafak\Event Driven Kafka project\email-service\pom.xml.
2024-02-10 00:35:11,780 [Worker-36: Building] INFO  o.e.m.c.i.p.WorkspaceClassifierResolverManager - Resolving P/base-domain: com.rahul:base-domain:0.0.1-SNAPSHOT with classifier  to /base-domain/target/classes
2024-02-10 00:35:12,023 [Worker-36: Building] INFO  o.a.m.s.f.DefaultMavenResourcesFiltering - Copying 0 resource from src\main\resources to target\classes
2024-02-10 00:35:12,023 [Worker-36: Building] INFO  o.a.m.s.f.DefaultMavenResourcesFiltering - Copying 0 resource from src\main\resources to target\classes
2024-02-10 00:35:12,024 [Worker-36: Building] INFO  o.a.m.s.f.DefaultMavenResourcesFiltering - skip non existing resourceDirectory D:\Java WorkSpace\spring-kafak\Event Driven Kafka project\email-service\src\test\resources
2024-02-10 00:35:12,024 [Worker-36: Building] INFO  o.e.m.w.i.f.ResourceFilteringBuildParticipant - Changed resources require a complete clean of filtered resources of email-service
2024-02-10 00:35:12,024 [Worker-36: Building] INFO  o.e.m.w.i.f.ResourceFilteringBuildParticipant - Executing resource filtering for email-service
2024-02-10 00:35:32,510 [Worker-38: Launching email-service - EmailServiceApplication] INFO  o.e.m.c.i.p.WorkspaceClassifierResolverManager - Resolving P/base-domain: com.rahul:base-domain:0.0.1-SNAPSHOT with classifier  to /base-domain/target/classes
2024-02-10 00:35:32,580 [Worker-38: Launching email-service - EmailServiceApplication] INFO  o.e.m.c.i.p.WorkspaceClassifierResolverManager - Resolving P/base-domain: com.rahul:base-domain:0.0.1-SNAPSHOT with classifier null to /base-domain/target/classes
2024-02-10 00:35:32,643 [Worker-38: Launching email-service - EmailServiceApplication] INFO  o.e.m.c.i.p.WorkspaceClassifierResolverManager - Resolving P/base-domain: com.rahul:base-domain:0.0.1-SNAPSHOT with classifier null to /base-domain/target/classes
2024-02-10 00:35:32,702 [Worker-38: Launching email-service - EmailServiceApplication] INFO  o.e.m.c.i.p.WorkspaceClassifierResolverManager - Resolving P/base-domain: com.rahul:base-domain:0.0.1-SNAPSHOT with classifier null to /base-domain/target/classes
